Begin TermuxArch v1.6.id0604 system information.

dpkg --print-architecture result:

aarch64

uname -a results:

Linux localhost 4.4.103+ #1 SMP PREEMPT Fri Aug 3 03:52:13 CST 2018 aarch64 Android

BASH_VERSINFO[0] = 4
BASH_VERSINFO[1] = 4
BASH_VERSINFO[2] = 23
BASH_VERSINFO[3] = 1
BASH_VERSINFO[4] = release
BASH_VERSINFO[5] = aarch64-unknown-linux-android

cat /proc/cpuinfo results:

processor	: 0
BogoMIPS	: 3.84
Features	: fp asimd evtstrm aes pmull sha1 sha2 crc32
CPU implementer	: 0x41
CPU architecture: 8
CPU variant	: 0x0
CPU part	: 0xd03
CPU revision	: 4

processor	: 1
BogoMIPS	: 3.84
Features	: fp asimd evtstrm aes pmull sha1 sha2 crc32
CPU implementer	: 0x41
CPU architecture: 8
CPU variant	: 0x0
CPU part	: 0xd03
CPU revision	: 4

processor	: 2
BogoMIPS	: 3.84
Features	: fp asimd evtstrm aes pmull sha1 sha2 crc32
CPU implementer	: 0x41
CPU architecture: 8
CPU variant	: 0x0
CPU part	: 0xd03
CPU revision	: 4

processor	: 3
BogoMIPS	: 3.84
Features	: fp asimd evtstrm aes pmull sha1 sha2 crc32
CPU implementer	: 0x41
CPU architecture: 8
CPU variant	: 0x0
CPU part	: 0xd03
CPU revision	: 4

processor	: 4
BogoMIPS	: 3.84
Features	: fp asimd evtstrm aes pmull sha1 sha2 crc32
CPU implementer	: 0x41
CPU architecture: 8
CPU variant	: 0x0
CPU part	: 0xd09
CPU revision	: 2

processor	: 5
BogoMIPS	: 3.84
Features	: fp asimd evtstrm aes pmull sha1 sha2 crc32
CPU implementer	: 0x41
CPU architecture: 8
CPU variant	: 0x0
CPU part	: 0xd09
CPU revision	: 2

processor	: 6
BogoMIPS	: 3.84
Features	: fp asimd evtstrm aes pmull sha1 sha2 crc32
CPU implementer	: 0x41
CPU architecture: 8
CPU variant	: 0x0
CPU part	: 0xd09
CPU revision	: 2

processor	: 7
BogoMIPS	: 3.84
Features	: fp asimd evtstrm aes pmull sha1 sha2 crc32
CPU implementer	: 0x41
CPU architecture: 8
CPU variant	: 0x0
CPU part	: 0xd09
CPU revision	: 2


Download directory information results:

/sdcard/Download exists
/storage/emulated/0/Download exists
~/downloads not found
/data/data/com.termux/files/home/storage/downloads exists

Device information results:

/dev/ashmem exists
/dev/ashmem is readable
/dev/shm does not exist
/dev/shm is not readable
/proc/stat exits
/proc/stat is not readable

getprop results:

[getprop gsm.sim.operator.iso-country]: [de]
[getprop net.bt.name]: [Android]
[getprop net.dns1]: []
[getprop net.dns2]: []
[getprop net.dns3]: []
[getprop net.dns4]: []
[getprop persist.sys.locale]: [en-DE]
[getprop ro.build.target_country]: []
[getprop ro.build.version.release]: [8.1.0]
[getprop ro.build.version.preview_sdk]: [0]
[getprop ro.build.version.sdk]: [27]
[getprop ro.com.google.clientidbase]: [android-huawei]
[getprop ro.com.google.clientidbase.am]: [android-huawei]
[getprop ro.com.google.clientidbase.ms]: [android-huawei-rev1]
[getprop ro.product.device]: [HWSNE]
[getprop ro.product.cpu.abi]: [arm64-v8a]
[getprop ro.product.first_api_level]: [27]
[getprop ro.product.locale]: [en-GB]
[getprop ro.product.manufacturer]: [HUAWEI]
[getprop ro.product.model]: [SNE-LX1]

Disk report 33732964 on /data Wed Sep 26 18:55:38 CEST 2018

df /data/data/com.termux/files/home/arch results:

Filesystem                             1K-blocks     Used Available Use% Mounted on
/dev/block/bootdevice/by-name/userdata  52991984 18318988  33732964  36% /data

df results:

Filesystem                             1K-blocks     Used Available Use% Mounted on
rootfs                                   1530592     9964   1520628   1% /
tmpfs                                    1848532      696   1847836   1% /dev
none                                     1848532        0   1848532   0% /sys/fs/cgroup
/dev/block/dm-0                          4715044  3419232   1279428  73% /system
/dev/block/dm-1                           758624   566780    176528  77% /vendor
/dev/block/dm-2                           170392   131072     35776  79% /odm
/dev/block/dm-3                            27552      588     26324   3% /version
/dev/block/dm-4                           186268    66420    115980  37% /product
/dev/block/dm-5                           186268     1128    181272   1% /cust
tmpfs                                    1848532        0   1848532   0% /mnt
/dev/block/bootdevice/by-name/userdata  52991984 18318988  33732964  36% /data
/dev/block/bootdevice/by-name/cache       100720       68     98524   1% /cache
/data/media                             52971504 19259020  33712484  37% /storage/emulated
/mnt/media_rw/AA17-2390                124863616 13460480 111403136  11% /storage/AA17-2390

du -hs /data/data/com.termux/files/home/arch results:

481.2M	/data/data/com.termux/files/home/arch

ls -al /data/data/com.termux/files/home/arch results:

total 429964
drwx------   10 u0_a175  u0_a175       3488 Sep 26 18:55 .
drwx------   10 u0_a175  u0_a175       3488 Sep 26 18:55 ..
-rw-------    1 u0_a175  u0_a175  439768154 Sep  1 07:06 ArchLinuxARM-aarch64-latest.tar.gz
-rw-------    1 u0_a175  u0_a175         69 Sep  1 07:06 ArchLinuxARM-aarch64-latest.tar.gz.md5
lrwxrwxrwx    1 u0_a175  u0_a175         18 Sep 26 18:55 bin -> usr/bin
drwxr-xr-x    4 u0_a175  u0_a175       3488 Sep 26 18:55 boot
drwxr-xr-x    2 u0_a175  u0_a175       3488 Sep  1 07:03 dev
drwxr-xr-x   37 u0_a175  u0_a175       3488 Sep 26 18:55 etc
drwx------    3 u0_a175  u0_a175       3488 Sep 26 18:47 root
drwx------    3 u0_a175  u0_a175       3488 Sep 26 18:47 run
-rwx------    1 u0_a175  u0_a175       6884 Sep 26 18:47 startarch
drwxrwxrwt    3 u0_a175  u0_a175       3488 Sep 26 18:55 tmp
drwx------    3 u0_a175  u0_a175       3488 Sep 26 18:47 usr
drwx------    3 u0_a175  u0_a175       3488 Sep 26 18:47 var

End `setupTermuxArchSysInfo5539.log` v1.6.id0604 system information.
